Arguments: 
  C:\Program Files\nodejs\node.exe C:\Program Files (x86)\Yarn\bin\yarn.js install express

PATH: 
  C:\Users\ANDRE\Desktop\cmder\bin;C:\Users\ANDRE\Desktop\cmder\vendor\conemu-maximus5\ConEmu\Scripts;C:\Users\ANDRE\Desktop\cmder\vendor\conemu-maximus5;C:\Users\ANDRE\Desktop\cmder\vendor\conemu-maximus5\ConEmu;C:\Python36\Scripts\;C:\Python36\;C:\Program Files\Docker\Docker\Resources\bin;C:\Program Files\NVIDIA GPU Computing Toolkit\CUDA\v9.1\bin;C:\Program Files\NVIDIA GPU Computing Toolkit\CUDA\v9.1\libnvvp;C:\VulkanSDK\1.0.65.1\Bin;C:\Program Files\Haskell\bin;C:\Program Files\Haskell Platform\8.2.2\lib\extralibs\bin;C:\Program Files\Haskell Platform\8.2.2\bin;C:\ProgramData\Oracle\Java\javapath;C:\WINDOWS\system32;C:\WINDOWS;C:\WINDOWS\System32\Wbem;C:\WINDOWS\System32\WindowsPowerShell\v1.0\;C:\Program Files (x86)\ATI Technologies\ATI.ACE\Core-Static;C:\Program Files (x86)\AMD\ATI.ACE\Core-Static;C:\Program Files (x86)\GtkSharp\2.12\bin;C:\WINDOWS\system32;C:\WINDOWS;C:\WINDOWS\System32\Wbem;C:\WINDOWS\System32\WindowsPowerShell\v1.0\;C:\Program Files\Haskell Platform\8.2.2\mingw\bin;C:\D\dmd2\windows\bin;C:\Program Files\Git\cmd;C:\Program Files (x86)\NVIDIA Corporation\PhysX\Common;C:\ProgramData\chocolatey\bin;C:\Program Files\nodejs\;C:\Program Files (x86)\Yarn\bin\;C:\Program Files (x86)\Wolfram Research\WolframScript\;C:\Program Files\Haskell\bin;C:\Program Files\Haskell Platform\8.2.2\lib\extralibs\bin;C:\Program Files\Haskell Platform\8.2.2\bin;C:\Program Files\Docker\Docker\Resources\bin;C:\ProgramData\Oracle\Java\javapath;C:\WINDOWS\system32;C:\WINDOWS;C:\WINDOWS\System32\Wbem;C:\WINDOWS\System32\WindowsPowerShell\v1.0\;C:\Program Files (x86)\ATI Technologies\ATI.ACE\Core-Static;C:\Program Files (x86)\AMD\ATI.ACE\Core-Static;C:\Program Files (x86)\GtkSharp\2.12\bin;C:\Program Files (x86)\NVIDIA Corporation\PhysX\Common;C:\WINDOWS\system32;C:\WINDOWS;C:\WINDOWS\System32\Wbem;C:\WINDOWS\System32\WindowsPowerShell\v1.0\;C:\Program Files\Haskell Platform\8.2.2\mingw\bin;C:\D\dmd2\windows\bin;C:\Users\ANDRE\AppData\Roaming\cabal\bin;C:\Users\ANDRE\AppData\Roaming\local\bin;C:\Ruby25-x64\bin;C:\Users\ANDRE\.cargo\bin;C:\Users\ANDRE\AppData\Local\Microsoft\WindowsApps;C:\SQLite;C:\Program Files\PostgreSQL\10\bin;C:\Users\ANDRE\Desktop\idris;C:\Program Files\LunaStudio\current\bin\main;C:\Program Files\Microsoft VS Code\bin;C:\Program Files\LLVM\bin;C:\Users\ANDRE\AppData\Local\bin\NASM;C:\Users\ANDRE\Desktop\lean-nightly-windows\bin;C:\Program Files\qemu;C:\Program Files\Java\jdk-9.0.4\bin;C:\Users\ANDRE\Desktop\gradle-4.6\bin;C:\Users\ANDRE\AppData\Roaming\npm;C:\Users\ANDRE\AppData\Local\Yarn\bin;C:\Program Files\Git\usr\bin;C:\Program Files\Git\usr\share\vim\vim74;C:\Users\ANDRE\Desktop\cmder\

Yarn version: 
  1.5.1

Node version: 
  9.9.0

Platform: 
  win32 x64

npm manifest: 
  {
    "name": "server-template",
    "version": "1.0.0",
    "scripts": {
      "client": "cd client && yarn start",
      "server": "nodemon server/server.js",
      "dev": "concurrently --kill-other-on-fail \"yarn run server\" \"yarn run client\" "
    }
  }

yarn manifest: 
  No manifest

Lockfile: 
  No lockfile

Trace: 
  Error: `install` has been replaced with `add` to add new dependencies. Run "yarn add express" instead.
      at new MessageError (C:\Program Files (x86)\Yarn\lib\cli.js:186:110)
      at Object.<anonymous> (C:\Program Files (x86)\Yarn\lib\cli.js:21987:13)
      at Generator.next (<anonymous>)
      at step (C:\Program Files (x86)\Yarn\lib\cli.js:98:30)
      at C:\Program Files (x86)\Yarn\lib\cli.js:109:13
      at <anonymous>
